Build started 11/19/2011 9:48:42 PM.
     1>Project "C:\Projects\ai-behaviors\ai-behaviors\ai-behaviors.vcxproj" on node 2 (build target(s)).
     1>InitializeBuildStatus:
         Creating "Release\ai-behaviors.unsuccessfulbuild" because "AlwaysCreate" was specified.
       ClCompile:
         C:\Program Files (x86)\Microsoft Visual Studio 10.0\VC\bin\CL.exe /c /Zi /nologo /W3 /WX- /O2 /Oi /Oy- /GL /D WIN32 /D NDEBUG /D _CONSOLE /D _UNICODE /D UNICODE /Gm- /EHsc /MD /GS /Gy /fp:precise /Zc:wchar_t /Zc:forScope /Fo"Release\\" /Fd"Release\vc100.pdb" /Gd /TP /analyze- /errorReport:prompt GameController.cpp
         GameController.cpp
       Link:
         C:\Program Files (x86)\Microsoft Visual Studio 10.0\VC\bin\link.exe /ERRORREPORT:PROMPT /OUT:"C:\Projects\ai-behaviors\ai-behaviors\Release\ai-behaviors.exe" /INCREMENTAL:NO /NOLOGO kernel32.lib user32.lib gdi32.lib winspool.lib comdlg32.lib advapi32.lib shell32.lib ole32.lib oleaut32.lib uuid.lib odbc32.lib odbccp32.lib /MANIFEST /ManifestFile:"Release\ai-behaviors.exe.intermediate.manifest" /MANIFESTUAC:"level='asInvoker' uiAccess='false'" /DEBUG /PDB:"C:\Projects\ai-behaviors\ai-behaviors\Release\ai-behaviors.pdb" /SUBSYSTEM:WINDOWS /OPT:REF /OPT:ICF /LTCG /TLBID:1 /ENTRY:"mainCRTStartup" /DYNAMICBASE /NXCOMPAT /IMPLIB:"C:\Projects\ai-behaviors\ai-behaviors\Release\ai-behaviors.lib" /MACHINE:X86 Release\GameController.obj
         Release\main.obj
         Generating code
         Finished generating code
         ai-behaviors.vcxproj -> C:\Projects\ai-behaviors\ai-behaviors\Release\ai-behaviors.exe
       Manifest:
         c:\Program Files (x86)\Microsoft SDKs\Windows\v7.0A\bin\mt.exe /nologo /verbose /outputresource:"C:\Projects\ai-behaviors\ai-behaviors\Release\ai-behaviors.exe;#1" /manifest "Release\ai-behaviors.exe.intermediate.manifest"
       FinalizeBuildStatus:
         Deleting file "Release\ai-behaviors.unsuccessfulbuild".
         Touching "Release\ai-behaviors.lastbuildstate".
     1>Done Building Project "C:\Projects\ai-behaviors\ai-behaviors\ai-behaviors.vcxproj" (build target(s)).

Build succeeded.

Time Elapsed 00:00:00.91
