C:\PROJECTS\AI-BEHAVIORS\AI-BEHAVIORS\DEBUG\AI-BEHAVIORS.EXE.EMBED.MANIFEST
C:\PROJECTS\AI-BEHAVIORS\AI-BEHAVIORS\DEBUG\AI-BEHAVIORS.EXE.EMBED.MANIFEST.RES
C:\Projects\ai-behaviors\ai-behaviors\Debug\ai-behaviors.exe.intermediate.manifest
C:\Projects\ai-behaviors\ai-behaviors\Debug\ai-behaviors.pdb
C:\Projects\ai-behaviors\ai-behaviors\Debug\ai-behaviors_manifest.rc
C:\Projects\ai-behaviors\ai-behaviors\Debug\cl.command.1.tlog
C:\Projects\ai-behaviors\ai-behaviors\Debug\CL.read.1.tlog
C:\Projects\ai-behaviors\ai-behaviors\Debug\CL.write.1.tlog
C:\PROJECTS\AI-BEHAVIORS\AI-BEHAVIORS\DEBUG\GAMECONTROLLER.OBJ
C:\Projects\ai-behaviors\ai-behaviors\Debug\link.11304.read.1.tlog
C:\Projects\ai-behaviors\ai-behaviors\Debug\link.11304.write.1.tlog
C:\Projects\ai-behaviors\ai-behaviors\Debug\link.11304-cvtres.read.1.tlog
C:\Projects\ai-behaviors\ai-behaviors\Debug\link.11304-cvtres.write.1.tlog
C:\Projects\ai-behaviors\ai-behaviors\Debug\link.1508.read.1.tlog
C:\Projects\ai-behaviors\ai-behaviors\Debug\link.1508.write.1.tlog
C:\Projects\ai-behaviors\ai-behaviors\Debug\link.1508-cvtres.read.1.tlog
C:\Projects\ai-behaviors\ai-behaviors\Debug\link.1508-cvtres.write.1.tlog
C:\Projects\ai-behaviors\ai-behaviors\Debug\link.4524.read.1.tlog
C:\Projects\ai-behaviors\ai-behaviors\Debug\link.4524.write.1.tlog
C:\Projects\ai-behaviors\ai-behaviors\Debug\link.4524-cvtres.read.1.tlog
C:\Projects\ai-behaviors\ai-behaviors\Debug\link.4524-cvtres.write.1.tlog
C:\Projects\ai-behaviors\ai-behaviors\Debug\link.8572.read.1.tlog
C:\Projects\ai-behaviors\ai-behaviors\Debug\link.8572.write.1.tlog
C:\Projects\ai-behaviors\ai-behaviors\Debug\link.8572-cvtres.read.1.tlog
C:\Projects\ai-behaviors\ai-behaviors\Debug\link.8572-cvtres.write.1.tlog
C:\Projects\ai-behaviors\ai-behaviors\Debug\link.command.1.tlog
C:\Projects\ai-behaviors\ai-behaviors\Debug\link.read.1.tlog
C:\Projects\ai-behaviors\ai-behaviors\Debug\link.write.1.tlog
C:\Projects\ai-behaviors\ai-behaviors\Debug\link-cvtres.read.1.tlog
C:\Projects\ai-behaviors\ai-behaviors\Debug\link-cvtres.write.1.tlog
C:\PROJECTS\AI-BEHAVIORS\AI-BEHAVIORS\DEBUG\MAIN.OBJ
C:\Projects\ai-behaviors\ai-behaviors\Debug\mt.command.1.tlog
C:\Projects\ai-behaviors\ai-behaviors\Debug\mt.read.1.tlog
C:\Projects\ai-behaviors\ai-behaviors\Debug\mt.write.1.tlog
C:\Projects\ai-behaviors\ai-behaviors\Debug\rc.command.1.tlog
C:\Projects\ai-behaviors\ai-behaviors\Debug\rc.read.1.tlog
C:\Projects\ai-behaviors\ai-behaviors\Debug\rc.write.1.tlog
C:\PROJECTS\AI-BEHAVIORS\AI-BEHAVIORS\DEBUG\SHIP.OBJ
C:\Projects\ai-behaviors\ai-behaviors\Debug\vc100.idb
C:\PROJECTS\AI-BEHAVIORS\AI-BEHAVIORS\DEBUG\VC100.PDB
